[0.915s] Invoking command in '/home/ubuntu/arduinobot_ws/build/arduinobot_py_example': PYTHONPATH=/home/ubuntu/arduinobot_ws/build/arduinobot_py_example/prefix_override:/usr/lib/python3/dist-packages/colcon_core/task/python/colcon_distutils_commands:/home/ubuntu/arduinobot_ws/install/arduinobot_py_example/lib/python3.10/site-packages:${PYTHONPATH} /usr/bin/python3 -W ignore:setup.py install is deprecated -W ignore:easy_install command is deprecated setup.py develop --editable --build-directory /home/ubuntu/arduinobot_ws/build/arduinobot_py_example/build --no-deps symlink_data
[1.161s] running develop
[1.323s] running egg_info
[1.323s] creating arduinobot_py_example.egg-info
[1.323s] writing arduinobot_py_example.egg-info/PKG-INFO
[1.324s] writing dependency_links to arduinobot_py_example.egg-info/dependency_links.txt
[1.324s] writing entry points to arduinobot_py_example.egg-info/entry_points.txt
[1.324s] writing requirements to arduinobot_py_example.egg-info/requires.txt
[1.324s] writing top-level names to arduinobot_py_example.egg-info/top_level.txt
[1.324s] writing manifest file 'arduinobot_py_example.egg-info/SOURCES.txt'
[1.325s] reading manifest file 'arduinobot_py_example.egg-info/SOURCES.txt'
[1.326s] writing manifest file 'arduinobot_py_example.egg-info/SOURCES.txt'
[1.327s] running build_ext
[1.327s] Creating /home/ubuntu/arduinobot_ws/install/arduinobot_py_example/lib/python3.10/site-packages/arduinobot-py-example.egg-link (link to .)
[1.328s] 
[1.328s] Installed /home/ubuntu/arduinobot_ws/build/arduinobot_py_example
[1.328s] running symlink_data
[1.328s] creating /home/ubuntu/arduinobot_ws/install/arduinobot_py_example/share/ament_index
[1.328s] creating /home/ubuntu/arduinobot_ws/install/arduinobot_py_example/share/ament_index/resource_index
[1.328s] creating /home/ubuntu/arduinobot_ws/install/arduinobot_py_example/share/ament_index/resource_index/packages
[1.328s] symbolically linking /home/ubuntu/arduinobot_ws/build/arduinobot_py_example/resource/arduinobot_py_example -> /home/ubuntu/arduinobot_ws/install/arduinobot_py_example/share/ament_index/resource_index/packages
[1.329s] symbolically linking /home/ubuntu/arduinobot_ws/build/arduinobot_py_example/package.xml -> /home/ubuntu/arduinobot_ws/install/arduinobot_py_example/share/arduinobot_py_example
[1.348s] Invoked command in '/home/ubuntu/arduinobot_ws/build/arduinobot_py_example' returned '0': PYTHONPATH=/home/ubuntu/arduinobot_ws/build/arduinobot_py_example/prefix_override:/usr/lib/python3/dist-packages/colcon_core/task/python/colcon_distutils_commands:/home/ubuntu/arduinobot_ws/install/arduinobot_py_example/lib/python3.10/site-packages:${PYTHONPATH} /usr/bin/python3 -W ignore:setup.py install is deprecated -W ignore:easy_install command is deprecated setup.py develop --editable --build-directory /home/ubuntu/arduinobot_ws/build/arduinobot_py_example/build --no-deps symlink_data
